<?xml version="1.0" encoding="UTF-8"?>
<testng-results ignored="0" total="2" passed="2" failed="0" skipped="0">
  <reporter-output>
  </reporter-output>
  <suite started-at="2023-07-31T20:36:46 IST" name="Suite" finished-at="2023-07-31T20:37:23 IST" duration-ms="37040">
    <groups>
      <group name="Chrome">
        <method signature="FlipkartAutomation.LaunchChrome()[pri:0, instance:app.test.FlipkartAutomation@4f80542f]" name="LaunchChrome" class="app.test.FlipkartAutomation"/>
        <method signature="FlipkartAutomation.flipkartTesting()[pri:0, instance:app.test.FlipkartAutomation@4f80542f]" name="flipkartTesting" class="app.test.FlipkartAutomation"/>
      </group> <!-- Chrome -->
    </groups>
    <test started-at="2023-07-31T20:36:46 IST" name="Test" finished-at="2023-07-31T20:37:23 IST" duration-ms="37040">
      <class name="app.test.FlipkartAutomation">
        <test-method signature="LaunchChrome()[pri:0, instance:app.test.FlipkartAutomation@4f80542f]" started-at="2023-07-31T20:36:46 IST" name="LaunchChrome" finished-at="2023-07-31T20:36:48 IST" duration-ms="2014" status="PASS">
          <reporter-output>
          </reporter-output>
        </test-method> <!-- LaunchChrome -->
        <test-method signature="flipkartTesting()[pri:0, instance:app.test.FlipkartAutomation@4f80542f]" started-at="2023-07-31T20:36:48 IST" name="flipkartTesting" finished-at="2023-07-31T20:37:23 IST" depends-on-methods="app.test.FlipkartAutomation.LaunchChrome" duration-ms="34955" status="PASS">
          <reporter-output>
          </reporter-output>
        </test-method> <!-- flipkartTesting -->
      </class> <!-- app.test.FlipkartAutomation -->
    </test> <!-- Test -->
  </suite> <!-- Suite -->
</testng-results>
